2025-08-04 16:29:46,638 - __main__ - INFO - 스케줄링 모드 - 매일 24시(자정)에 자동 실행됩니다.
2025-08-04 16:29:46,639 - __main__ - INFO - 수동 실행을 원하시면 'python energy_data_simulator.py --manual' 명령어를 사용하세요.
2025-08-04 16:29:46,639 - __main__ - INFO - 프로그램을 종료하려면 Ctrl+C를 누르세요.
2025-08-04 16:29:46,639 - __main__ - INFO - 다음 실행 시간: 2025-08-05 00:00:00
2025-08-04 16:29:46,640 - __main__ - INFO - 대기 시간: 27013초
2025-08-04 16:29:49,192 - __main__ - INFO - 프로그램이 종료되었습니다.
2025-08-04 16:30:02,501 - __main__ - INFO - 수동 실행 모드
2025-08-04 16:30:02,503 - __main__ - INFO - ============================================================
2025-08-04 16:30:02,503 - __main__ - INFO - 일일 에너지 데이터 시뮬레이션 시작 - 2025-08-04 16:30:02
2025-08-04 16:30:02,503 - __main__ - INFO - ============================================================
2025-08-04 16:30:02,503 - __main__ - INFO - 데이터 생성 시작
2025-08-04 16:30:02,513 - __main__ - INFO - 데이터 생성 완료
2025-08-04 16:30:02,565 - __main__ - INFO - 데이터베이스 연결 성공
2025-08-04 16:30:02,595 - __main__ - INFO - 데이터베이스 연결 성공
2025-08-04 16:30:02,598 - __main__ - INFO - 테이블 REP_DATA_RE_FCST_LFD_DA 생성 완료
2025-08-04 16:30:02,600 - __main__ - INFO - 테이블 REP_DATA_RE_FCST_GEN_DA 생성 완료
2025-08-04 16:30:02,602 - __main__ - INFO - 테이블 REP_DATA_HG_FCST_NWP_DA 생성 완료
2025-08-04 16:30:02,603 - __main__ - INFO - 테이블 REP_DATA_RE_KPX_JEJU_SUKUB_M 생성 완료
2025-08-04 16:30:02,605 - __main__ - INFO - 테이블 REP_DATA_P2H_FCST_CURT_DA 생성 완료
2025-08-04 16:30:02,607 - __main__ - INFO - 테이블 REP_DATA_HG_FCST_GEN_GENT_DA 생성 완료
2025-08-04 16:30:02,608 - __main__ - INFO - 테이블 REP_DATA_HG_MEAS_GEM_GENT_DA 생성 완료
2025-08-04 16:30:02,609 - __main__ - INFO - 모든 테이블이 성공적으로 생성되었습니다.
2025-08-04 16:30:02,610 - __main__ - INFO - 데이터베이스 연결 해제
2025-08-04 16:30:02,610 - __main__ - INFO - 데이터베이스 삽입 완료
2025-08-04 16:30:02,610 - __main__ - INFO - 데이터베이스 연결 해제
2025-08-04 16:30:15,466 - __main__ - INFO - 수동 실행 모드
2025-08-04 16:30:15,466 - __main__ - INFO - ============================================================
2025-08-04 16:30:15,467 - __main__ - INFO - 일일 에너지 데이터 시뮬레이션 시작 - 2025-08-04 16:30:15
2025-08-04 16:30:15,467 - __main__ - INFO - ============================================================
2025-08-04 16:30:15,467 - __main__ - INFO - 데이터 생성 시작
2025-08-04 16:30:15,478 - __main__ - INFO - 데이터 생성 완료
2025-08-04 16:30:15,530 - __main__ - INFO - 데이터베이스 연결 성공
2025-08-04 16:30:15,570 - __main__ - INFO - 데이터베이스 연결 성공
2025-08-04 16:30:15,573 - __main__ - INFO - 테이블 REP_DATA_RE_FCST_LFD_DA 생성 완료
2025-08-04 16:30:15,575 - __main__ - INFO - 테이블 REP_DATA_RE_FCST_GEN_DA 생성 완료
2025-08-04 16:30:15,577 - __main__ - INFO - 테이블 REP_DATA_HG_FCST_NWP_DA 생성 완료
2025-08-04 16:30:15,578 - __main__ - INFO - 테이블 REP_DATA_RE_KPX_JEJU_SUKUB_M 생성 완료
2025-08-04 16:30:15,579 - __main__ - INFO - 테이블 REP_DATA_P2H_FCST_CURT_DA 생성 완료
2025-08-04 16:30:15,581 - __main__ - INFO - 테이블 REP_DATA_HG_FCST_GEN_GENT_DA 생성 완료
2025-08-04 16:30:15,583 - __main__ - INFO - 테이블 REP_DATA_HG_MEAS_GEM_GENT_DA 생성 완료
2025-08-04 16:30:15,584 - __main__ - INFO - 모든 테이블이 성공적으로 생성되었습니다.
2025-08-04 16:30:15,584 - __main__ - INFO - 데이터베이스 연결 해제
2025-08-04 16:30:15,584 - __main__ - INFO - 데이터베이스 삽입 완료
2025-08-04 16:30:15,585 - __main__ - INFO - 데이터베이스 연결 해제
2025-08-04 16:31:26,691 - __main__ - INFO - 스케줄링 모드 - 매일 24시(자정)에 자동 실행됩니다.
2025-08-04 16:31:26,692 - __main__ - INFO - 수동 실행을 원하시면 'python energy_data_simulator.py --manual' 명령어를 사용하세요.
2025-08-04 16:31:26,692 - __main__ - INFO - 프로그램을 종료하려면 Ctrl+C를 누르세요.
2025-08-04 16:31:26,693 - __main__ - INFO - 다음 실행 시간: 2025-08-05 00:00:00
2025-08-04 16:31:26,693 - __main__ - INFO - 대기 시간: 26913초
2025-08-04 16:31:28,459 - __main__ - INFO - 프로그램이 종료되었습니다.
2025-08-04 16:31:30,445 - __main__ - INFO - 수동 실행 모드
2025-08-04 16:31:30,446 - __main__ - INFO - ============================================================
2025-08-04 16:31:30,446 - __main__ - INFO - 일일 에너지 데이터 시뮬레이션 시작 - 2025-08-04 16:31:30
2025-08-04 16:31:30,446 - __main__ - INFO - ============================================================
2025-08-04 16:31:30,446 - __main__ - INFO - 데이터 생성 시작
2025-08-04 16:31:30,457 - __main__ - INFO - 데이터 생성 완료
2025-08-04 16:31:30,505 - __main__ - INFO - 데이터베이스 연결 성공
2025-08-04 16:31:30,549 - __main__ - INFO - 데이터베이스 연결 성공
2025-08-04 16:31:30,553 - __main__ - INFO - 테이블 REP_DATA_RE_FCST_LFD_DA 생성 완료
2025-08-04 16:31:30,555 - __main__ - INFO - 테이블 REP_DATA_RE_FCST_GEN_DA 생성 완료
2025-08-04 16:31:30,556 - __main__ - INFO - 테이블 REP_DATA_HG_FCST_NWP_DA 생성 완료
2025-08-04 16:31:30,558 - __main__ - INFO - 테이블 REP_DATA_RE_KPX_JEJU_SUKUB_M 생성 완료
2025-08-04 16:31:30,560 - __main__ - INFO - 테이블 REP_DATA_P2H_FCST_CURT_DA 생성 완료
2025-08-04 16:31:30,562 - __main__ - INFO - 테이블 REP_DATA_HG_FCST_GEN_GENT_DA 생성 완료
2025-08-04 16:31:30,563 - __main__ - INFO - 테이블 REP_DATA_HG_MEAS_GEM_GENT_DA 생성 완료
2025-08-04 16:31:30,565 - __main__ - INFO - 모든 테이블이 성공적으로 생성되었습니다.
2025-08-04 16:31:30,565 - __main__ - INFO - 데이터베이스 연결 해제
2025-08-04 16:31:30,566 - __main__ - INFO - 데이터베이스 삽입 완료
2025-08-04 16:31:30,566 - __main__ - INFO - 데이터베이스 연결 해제
